2017-06-03 14:44:51,509 [Worker-3] INFO  o.e.m.c.i.l.LifecycleMappingFactory - Using org.maven.ide.eclipse.wtp.WarLifecycleMapping lifecycle mapping for MavenProject: org:socialnetworking:0.0.1-SNAPSHOT @ C:\Users\MRuser\Desktop\Project_Workspace\socialnetworking\pom.xml.
2017-06-03 14:44:58,918 [Worker-3] INFO  o.e.m.j.i.AbstractJavaProjectConfigurator - Adding source folder /socialnetworking/src/main/java
2017-06-03 14:44:58,919 [Worker-3] INFO  o.e.m.j.i.AbstractJavaProjectConfigurator - Adding resource folder /socialnetworking/src/main/resources
2017-06-03 14:44:58,920 [Worker-3] INFO  o.e.m.j.i.AbstractJavaProjectConfigurator - Adding source folder /socialnetworking/src/test/java
2017-06-03 14:45:03,685 [Worker-3] INFO  o.e.m.c.i.p.ProjectConfigurationManager - Imported and configured 1 project(s) in 17 sec
2017-06-03 14:45:07,307 [Worker-6] WARN  o.e.m.c.i.embedder.EclipseLogger - Using platform encoding (Cp1252 actually) to copy filtered resources, i.e. build is platform dependent!
2017-06-03 14:45:07,334 [Worker-6] INFO  o.e.m.c.i.embedder.EclipseLogger - Copying 0 resource
2017-06-03 14:45:07,339 [Worker-6] WARN  o.e.m.c.i.embedder.EclipseLogger - Using platform encoding (Cp1252 actually) to copy filtered resources, i.e. build is platform dependent!
2017-06-03 14:45:07,341 [Worker-6] INFO  o.e.m.c.i.embedder.EclipseLogger - skip non existing resourceDirectory C:\Users\MRuser\Desktop\Project_Workspace\socialnetworking\src\test\resources
2017-06-06 09:30:57,079 [Worker-238] WARN  o.e.m.c.i.embedder.EclipseLogger - Using platform encoding (Cp1252 actually) to copy filtered resources, i.e. build is platform dependent!
2017-06-06 09:30:57,449 [Worker-238] INFO  o.e.m.c.i.embedder.EclipseLogger - Copying 0 resource
2017-06-06 09:30:57,451 [Worker-238] WARN  o.e.m.c.i.embedder.EclipseLogger - Using platform encoding (Cp1252 actually) to copy filtered resources, i.e. build is platform dependent!
2017-06-06 09:30:57,453 [Worker-238] INFO  o.e.m.c.i.embedder.EclipseLogger - skip non existing resourceDirectory C:\Users\MRuser\Desktop\Project_Workspace\socialnetworking\src\test\resources
2017-06-06 09:31:04,933 [Worker-230] WARN  o.e.m.c.i.embedder.EclipseLogger - Using platform encoding (Cp1252 actually) to copy filtered resources, i.e. build is platform dependent!
2017-06-06 09:31:04,936 [Worker-230] INFO  o.e.m.c.i.embedder.EclipseLogger - Copying 0 resource
2017-06-06 09:31:04,939 [Worker-230] WARN  o.e.m.c.i.embedder.EclipseLogger - Using platform encoding (Cp1252 actually) to copy filtered resources, i.e. build is platform dependent!
2017-06-06 09:31:04,941 [Worker-230] INFO  o.e.m.c.i.embedder.EclipseLogger - skip non existing resourceDirectory C:\Users\MRuser\Desktop\Project_Workspace\socialnetworking\src\test\resources
2017-06-06 09:32:05,238 [Worker-239] WARN  o.e.m.c.i.embedder.EclipseLogger - Using platform encoding (Cp1252 actually) to copy filtered resources, i.e. build is platform dependent!
2017-06-06 09:32:05,242 [Worker-239] INFO  o.e.m.c.i.embedder.EclipseLogger - Copying 0 resource
2017-06-06 09:32:05,245 [Worker-239] WARN  o.e.m.c.i.embedder.EclipseLogger - Using platform encoding (Cp1252 actually) to copy filtered resources, i.e. build is platform dependent!
2017-06-06 09:32:05,248 [Worker-239] INFO  o.e.m.c.i.embedder.EclipseLogger - skip non existing resourceDirectory C:\Users\MRuser\Desktop\Project_Workspace\socialnetworking\src\test\resources
2017-06-06 09:32:42,937 [Worker-243] WARN  o.e.m.c.i.embedder.EclipseLogger - Using platform encoding (Cp1252 actually) to copy filtered resources, i.e. build is platform dependent!
2017-06-06 09:32:42,999 [Worker-243] INFO  o.e.m.c.i.embedder.EclipseLogger - Copying 0 resource
2017-06-06 09:32:43,002 [Worker-243] WARN  o.e.m.c.i.embedder.EclipseLogger - Using platform encoding (Cp1252 actually) to copy filtered resources, i.e. build is platform dependent!
2017-06-06 09:32:43,004 [Worker-243] INFO  o.e.m.c.i.embedder.EclipseLogger - skip non existing resourceDirectory C:\Users\MRuser\Desktop\Project_Workspace\socialnetworking\src\test\resources
2017-06-06 09:32:47,830 [Worker-239] WARN  o.e.m.c.i.embedder.EclipseLogger - Using platform encoding (Cp1252 actually) to copy filtered resources, i.e. build is platform dependent!
2017-06-06 09:32:47,833 [Worker-239] INFO  o.e.m.c.i.embedder.EclipseLogger - Copying 0 resource
2017-06-06 09:32:47,834 [Worker-239] WARN  o.e.m.c.i.embedder.EclipseLogger - Using platform encoding (Cp1252 actually) to copy filtered resources, i.e. build is platform dependent!
2017-06-06 09:32:47,836 [Worker-239] INFO  o.e.m.c.i.embedder.EclipseLogger - skip non existing resourceDirectory C:\Users\MRuser\Desktop\Project_Workspace\socialnetworking\src\test\resources
2017-06-06 09:33:43,307 [Worker-239] WARN  o.e.m.c.i.embedder.EclipseLogger - Using platform encoding (Cp1252 actually) to copy filtered resources, i.e. build is platform dependent!
2017-06-06 09:33:43,310 [Worker-239] INFO  o.e.m.c.i.embedder.EclipseLogger - Copying 0 resource
2017-06-06 09:33:43,313 [Worker-239] WARN  o.e.m.c.i.embedder.EclipseLogger - Using platform encoding (Cp1252 actually) to copy filtered resources, i.e. build is platform dependent!
2017-06-06 09:33:43,315 [Worker-239] INFO  o.e.m.c.i.embedder.EclipseLogger - skip non existing resourceDirectory C:\Users\MRuser\Desktop\Project_Workspace\socialnetworking\src\test\resources
2017-06-06 09:33:59,437 [Worker-242] WARN  o.e.m.c.i.embedder.EclipseLogger - Using platform encoding (Cp1252 actually) to copy filtered resources, i.e. build is platform dependent!
2017-06-06 09:33:59,440 [Worker-242] INFO  o.e.m.c.i.embedder.EclipseLogger - Copying 0 resource
2017-06-06 09:33:59,442 [Worker-242] WARN  o.e.m.c.i.embedder.EclipseLogger - Using platform encoding (Cp1252 actually) to copy filtered resources, i.e. build is platform dependent!
2017-06-06 09:33:59,444 [Worker-242] INFO  o.e.m.c.i.embedder.EclipseLogger - skip non existing resourceDirectory C:\Users\MRuser\Desktop\Project_Workspace\socialnetworking\src\test\resources
2017-06-06 09:34:19,600 [Worker-244] WARN  o.e.m.c.i.embedder.EclipseLogger - Using platform encoding (Cp1252 actually) to copy filtered resources, i.e. build is platform dependent!
2017-06-06 09:34:19,603 [Worker-244] INFO  o.e.m.c.i.embedder.EclipseLogger - Copying 0 resource
2017-06-06 09:34:19,607 [Worker-244] WARN  o.e.m.c.i.embedder.EclipseLogger - Using platform encoding (Cp1252 actually) to copy filtered resources, i.e. build is platform dependent!
2017-06-06 09:34:19,609 [Worker-244] INFO  o.e.m.c.i.embedder.EclipseLogger - skip non existing resourceDirectory C:\Users\MRuser\Desktop\Project_Workspace\socialnetworking\src\test\resources
2017-06-06 09:34:33,331 [Worker-239] WARN  o.e.m.c.i.embedder.EclipseLogger - Using platform encoding (Cp1252 actually) to copy filtered resources, i.e. build is platform dependent!
2017-06-06 09:34:33,334 [Worker-239] INFO  o.e.m.c.i.embedder.EclipseLogger - Copying 0 resource
2017-06-06 09:34:33,337 [Worker-239] WARN  o.e.m.c.i.embedder.EclipseLogger - Using platform encoding (Cp1252 actually) to copy filtered resources, i.e. build is platform dependent!
2017-06-06 09:34:33,339 [Worker-239] INFO  o.e.m.c.i.embedder.EclipseLogger - skip non existing resourceDirectory C:\Users\MRuser\Desktop\Project_Workspace\socialnetworking\src\test\resources
2017-06-06 09:36:34,741 [Worker-243] WARN  o.e.m.c.i.embedder.EclipseLogger - Using platform encoding (Cp1252 actually) to copy filtered resources, i.e. build is platform dependent!
2017-06-06 09:36:34,745 [Worker-243] INFO  o.e.m.c.i.embedder.EclipseLogger - Copying 0 resource
2017-06-06 09:36:34,748 [Worker-243] WARN  o.e.m.c.i.embedder.EclipseLogger - Using platform encoding (Cp1252 actually) to copy filtered resources, i.e. build is platform dependent!
2017-06-06 09:36:34,750 [Worker-243] INFO  o.e.m.c.i.embedder.EclipseLogger - skip non existing resourceDirectory C:\Users\MRuser\Desktop\Project_Workspace\socialnetworking\src\test\resources
2017-06-06 09:36:44,694 [Worker-245] WARN  o.e.m.c.i.embedder.EclipseLogger - Using platform encoding (Cp1252 actually) to copy filtered resources, i.e. build is platform dependent!
2017-06-06 09:36:44,697 [Worker-245] INFO  o.e.m.c.i.embedder.EclipseLogger - Copying 0 resource
2017-06-06 09:36:44,698 [Worker-245] WARN  o.e.m.c.i.embedder.EclipseLogger - Using platform encoding (Cp1252 actually) to copy filtered resources, i.e. build is platform dependent!
2017-06-06 09:36:44,700 [Worker-245] INFO  o.e.m.c.i.embedder.EclipseLogger - skip non existing resourceDirectory C:\Users\MRuser\Desktop\Project_Workspace\socialnetworking\src\test\resources
2017-06-06 09:37:02,866 [Worker-244] WARN  o.e.m.c.i.embedder.EclipseLogger - Using platform encoding (Cp1252 actually) to copy filtered resources, i.e. build is platform dependent!
2017-06-06 09:37:02,869 [Worker-244] INFO  o.e.m.c.i.embedder.EclipseLogger - Copying 0 resource
2017-06-06 09:37:02,872 [Worker-244] WARN  o.e.m.c.i.embedder.EclipseLogger - Using platform encoding (Cp1252 actually) to copy filtered resources, i.e. build is platform dependent!
2017-06-06 09:37:02,874 [Worker-244] INFO  o.e.m.c.i.embedder.EclipseLogger - skip non existing resourceDirectory C:\Users\MRuser\Desktop\Project_Workspace\socialnetworking\src\test\resources
2017-06-06 09:37:10,597 [Worker-246] WARN  o.e.m.c.i.embedder.EclipseLogger - Using platform encoding (Cp1252 actually) to copy filtered resources, i.e. build is platform dependent!
2017-06-06 09:37:10,601 [Worker-246] INFO  o.e.m.c.i.embedder.EclipseLogger - Copying 0 resource
2017-06-06 09:37:10,603 [Worker-246] WARN  o.e.m.c.i.embedder.EclipseLogger - Using platform encoding (Cp1252 actually) to copy filtered resources, i.e. build is platform dependent!
2017-06-06 09:37:10,606 [Worker-246] INFO  o.e.m.c.i.embedder.EclipseLogger - skip non existing resourceDirectory C:\Users\MRuser\Desktop\Project_Workspace\socialnetworking\src\test\resources
2017-06-06 11:15:59,296 [Worker-286] WARN  o.e.m.c.i.embedder.EclipseLogger - Using platform encoding (Cp1252 actually) to copy filtered resources, i.e. build is platform dependent!
2017-06-06 11:15:59,311 [Worker-286] INFO  o.e.m.c.i.embedder.EclipseLogger - Copying 0 resource
2017-06-06 11:15:59,315 [Worker-286] WARN  o.e.m.c.i.embedder.EclipseLogger - Using platform encoding (Cp1252 actually) to copy filtered resources, i.e. build is platform dependent!
2017-06-06 11:15:59,317 [Worker-286] INFO  o.e.m.c.i.embedder.EclipseLogger - skip non existing resourceDirectory C:\Users\MRuser\Desktop\Project_Workspace\socialnetworking\src\test\resources
2017-06-06 11:16:25,287 [Worker-287] WARN  o.e.m.c.i.embedder.EclipseLogger - Using platform encoding (Cp1252 actually) to copy filtered resources, i.e. build is platform dependent!
2017-06-06 11:16:25,290 [Worker-287] INFO  o.e.m.c.i.embedder.EclipseLogger - Copying 0 resource
2017-06-06 11:16:25,295 [Worker-287] WARN  o.e.m.c.i.embedder.EclipseLogger - Using platform encoding (Cp1252 actually) to copy filtered resources, i.e. build is platform dependent!
2017-06-06 11:16:25,297 [Worker-287] INFO  o.e.m.c.i.embedder.EclipseLogger - skip non existing resourceDirectory C:\Users\MRuser\Desktop\Project_Workspace\socialnetworking\src\test\resources
2017-06-06 11:17:33,093 [Worker-286] WARN  o.e.m.c.i.embedder.EclipseLogger - Using platform encoding (Cp1252 actually) to copy filtered resources, i.e. build is platform dependent!
2017-06-06 11:17:33,096 [Worker-286] INFO  o.e.m.c.i.embedder.EclipseLogger - Copying 0 resource
2017-06-06 11:17:33,102 [Worker-286] WARN  o.e.m.c.i.embedder.EclipseLogger - Using platform encoding (Cp1252 actually) to copy filtered resources, i.e. build is platform dependent!
2017-06-06 11:17:33,104 [Worker-286] INFO  o.e.m.c.i.embedder.EclipseLogger - skip non existing resourceDirectory C:\Users\MRuser\Desktop\Project_Workspace\socialnetworking\src\test\resources
2017-06-06 11:18:07,265 [Worker-283] WARN  o.e.m.c.i.embedder.EclipseLogger - Using platform encoding (Cp1252 actually) to copy filtered resources, i.e. build is platform dependent!
2017-06-06 11:18:07,267 [Worker-283] INFO  o.e.m.c.i.embedder.EclipseLogger - Copying 0 resource
2017-06-06 11:18:07,269 [Worker-283] WARN  o.e.m.c.i.embedder.EclipseLogger - Using platform encoding (Cp1252 actually) to copy filtered resources, i.e. build is platform dependent!
2017-06-06 11:18:07,271 [Worker-283] INFO  o.e.m.c.i.embedder.EclipseLogger - skip non existing resourceDirectory C:\Users\MRuser\Desktop\Project_Workspace\socialnetworking\src\test\resources
2017-06-06 11:18:24,526 [Worker-282] WARN  o.e.m.c.i.embedder.EclipseLogger - Using platform encoding (Cp1252 actually) to copy filtered resources, i.e. build is platform dependent!
2017-06-06 11:18:24,528 [Worker-282] INFO  o.e.m.c.i.embedder.EclipseLogger - Copying 0 resource
2017-06-06 11:18:24,530 [Worker-282] WARN  o.e.m.c.i.embedder.EclipseLogger - Using platform encoding (Cp1252 actually) to copy filtered resources, i.e. build is platform dependent!
2017-06-06 11:18:24,532 [Worker-282] INFO  o.e.m.c.i.embedder.EclipseLogger - skip non existing resourceDirectory C:\Users\MRuser\Desktop\Project_Workspace\socialnetworking\src\test\resources
2017-06-06 11:18:34,007 [Worker-291] WARN  o.e.m.c.i.embedder.EclipseLogger - Using platform encoding (Cp1252 actually) to copy filtered resources, i.e. build is platform dependent!
2017-06-06 11:18:34,010 [Worker-291] INFO  o.e.m.c.i.embedder.EclipseLogger - Copying 0 resource
2017-06-06 11:18:34,012 [Worker-291] WARN  o.e.m.c.i.embedder.EclipseLogger - Using platform encoding (Cp1252 actually) to copy filtered resources, i.e. build is platform dependent!
2017-06-06 11:18:34,014 [Worker-291] INFO  o.e.m.c.i.embedder.EclipseLogger - skip non existing resourceDirectory C:\Users\MRuser\Desktop\Project_Workspace\socialnetworking\src\test\resources
2017-06-06 11:19:03,842 [Worker-291] WARN  o.e.m.c.i.embedder.EclipseLogger - Using platform encoding (Cp1252 actually) to copy filtered resources, i.e. build is platform dependent!
2017-06-06 11:19:03,846 [Worker-291] INFO  o.e.m.c.i.embedder.EclipseLogger - Copying 0 resource
2017-06-06 11:19:03,848 [Worker-291] WARN  o.e.m.c.i.embedder.EclipseLogger - Using platform encoding (Cp1252 actually) to copy filtered resources, i.e. build is platform dependent!
2017-06-06 11:19:03,850 [Worker-291] INFO  o.e.m.c.i.embedder.EclipseLogger - skip non existing resourceDirectory C:\Users\MRuser\Desktop\Project_Workspace\socialnetworking\src\test\resources
2017-06-06 11:19:26,954 [Worker-289] WARN  o.e.m.c.i.embedder.EclipseLogger - Using platform encoding (Cp1252 actually) to copy filtered resources, i.e. build is platform dependent!
2017-06-06 11:19:26,957 [Worker-289] INFO  o.e.m.c.i.embedder.EclipseLogger - Copying 0 resource
2017-06-06 11:19:26,958 [Worker-289] WARN  o.e.m.c.i.embedder.EclipseLogger - Using platform encoding (Cp1252 actually) to copy filtered resources, i.e. build is platform dependent!
2017-06-06 11:19:26,960 [Worker-289] INFO  o.e.m.c.i.embedder.EclipseLogger - skip non existing resourceDirectory C:\Users\MRuser\Desktop\Project_Workspace\socialnetworking\src\test\resources
2017-06-06 11:31:37,639 [Worker-295] WARN  o.e.m.c.i.embedder.EclipseLogger - Using platform encoding (Cp1252 actually) to copy filtered resources, i.e. build is platform dependent!
2017-06-06 11:31:37,642 [Worker-295] INFO  o.e.m.c.i.embedder.EclipseLogger - Copying 0 resource
2017-06-06 11:31:37,644 [Worker-295] WARN  o.e.m.c.i.embedder.EclipseLogger - Using platform encoding (Cp1252 actually) to copy filtered resources, i.e. build is platform dependent!
2017-06-06 11:31:37,646 [Worker-295] INFO  o.e.m.c.i.embedder.EclipseLogger - skip non existing resourceDirectory C:\Users\MRuser\Desktop\Project_Workspace\socialnetworking\src\test\resources
2017-06-06 11:32:13,483 [Worker-301] WARN  o.e.m.c.i.embedder.EclipseLogger - Using platform encoding (Cp1252 actually) to copy filtered resources, i.e. build is platform dependent!
2017-06-06 11:32:13,486 [Worker-301] INFO  o.e.m.c.i.embedder.EclipseLogger - Copying 0 resource
2017-06-06 11:32:13,487 [Worker-301] WARN  o.e.m.c.i.embedder.EclipseLogger - Using platform encoding (Cp1252 actually) to copy filtered resources, i.e. build is platform dependent!
2017-06-06 11:32:13,489 [Worker-301] INFO  o.e.m.c.i.embedder.EclipseLogger - skip non existing resourceDirectory C:\Users\MRuser\Desktop\Project_Workspace\socialnetworking\src\test\resources
2017-06-06 11:34:59,997 [Worker-295] WARN  o.e.m.c.i.embedder.EclipseLogger - Using platform encoding (Cp1252 actually) to copy filtered resources, i.e. build is platform dependent!
2017-06-06 11:35:00,000 [Worker-295] INFO  o.e.m.c.i.embedder.EclipseLogger - Copying 0 resource
2017-06-06 11:35:00,002 [Worker-295] WARN  o.e.m.c.i.embedder.EclipseLogger - Using platform encoding (Cp1252 actually) to copy filtered resources, i.e. build is platform dependent!
2017-06-06 11:35:00,004 [Worker-295] INFO  o.e.m.c.i.embedder.EclipseLogger - skip non existing resourceDirectory C:\Users\MRuser\Desktop\Project_Workspace\socialnetworking\src\test\resources
2017-06-06 11:49:30,899 [Worker-313] WARN  o.e.m.c.i.embedder.EclipseLogger - Using platform encoding (Cp1252 actually) to copy filtered resources, i.e. build is platform dependent!
2017-06-06 11:49:30,902 [Worker-313] INFO  o.e.m.c.i.embedder.EclipseLogger - Copying 0 resource
2017-06-06 11:49:30,905 [Worker-313] WARN  o.e.m.c.i.embedder.EclipseLogger - Using platform encoding (Cp1252 actually) to copy filtered resources, i.e. build is platform dependent!
2017-06-06 11:49:30,907 [Worker-313] INFO  o.e.m.c.i.embedder.EclipseLogger - skip non existing resourceDirectory C:\Users\MRuser\Desktop\Project_Workspace\socialnetworking\src\test\resources
2017-06-06 11:57:31,216 [Worker-319] WARN  o.e.m.c.i.embedder.EclipseLogger - Using platform encoding (Cp1252 actually) to copy filtered resources, i.e. build is platform dependent!
2017-06-06 11:57:31,219 [Worker-319] INFO  o.e.m.c.i.embedder.EclipseLogger - Copying 0 resource
2017-06-06 11:57:31,220 [Worker-319] WARN  o.e.m.c.i.embedder.EclipseLogger - Using platform encoding (Cp1252 actually) to copy filtered resources, i.e. build is platform dependent!
2017-06-06 11:57:31,222 [Worker-319] INFO  o.e.m.c.i.embedder.EclipseLogger - skip non existing resourceDirectory C:\Users\MRuser\Desktop\Project_Workspace\socialnetworking\src\test\resources
2017-06-06 12:00:36,629 [Worker-322] WARN  o.e.m.c.i.embedder.EclipseLogger - Using platform encoding (Cp1252 actually) to copy filtered resources, i.e. build is platform dependent!
2017-06-06 12:00:36,634 [Worker-322] INFO  o.e.m.c.i.embedder.EclipseLogger - Copying 0 resource
2017-06-06 12:00:36,636 [Worker-322] WARN  o.e.m.c.i.embedder.EclipseLogger - Using platform encoding (Cp1252 actually) to copy filtered resources, i.e. build is platform dependent!
2017-06-06 12:00:36,638 [Worker-322] INFO  o.e.m.c.i.embedder.EclipseLogger - skip non existing resourceDirectory C:\Users\MRuser\Desktop\Project_Workspace\socialnetworking\src\test\resources
2017-06-06 12:03:20,864 [Worker-323] WARN  o.e.m.c.i.embedder.EclipseLogger - Using platform encoding (Cp1252 actually) to copy filtered resources, i.e. build is platform dependent!
2017-06-06 12:03:20,867 [Worker-323] INFO  o.e.m.c.i.embedder.EclipseLogger - Copying 0 resource
2017-06-06 12:03:20,870 [Worker-323] WARN  o.e.m.c.i.embedder.EclipseLogger - Using platform encoding (Cp1252 actually) to copy filtered resources, i.e. build is platform dependent!
2017-06-06 12:03:20,872 [Worker-323] INFO  o.e.m.c.i.embedder.EclipseLogger - skip non existing resourceDirectory C:\Users\MRuser\Desktop\Project_Workspace\socialnetworking\src\test\resources
2017-06-06 12:03:30,745 [Worker-323] WARN  o.e.m.c.i.embedder.EclipseLogger - Using platform encoding (Cp1252 actually) to copy filtered resources, i.e. build is platform dependent!
2017-06-06 12:03:30,747 [Worker-323] INFO  o.e.m.c.i.embedder.EclipseLogger - Copying 0 resource
2017-06-06 12:03:30,750 [Worker-323] WARN  o.e.m.c.i.embedder.EclipseLogger - Using platform encoding (Cp1252 actually) to copy filtered resources, i.e. build is platform dependent!
2017-06-06 12:03:30,752 [Worker-323] INFO  o.e.m.c.i.embedder.EclipseLogger - skip non existing resourceDirectory C:\Users\MRuser\Desktop\Project_Workspace\socialnetworking\src\test\resources
2017-06-06 12:04:10,027 [Worker-323] WARN  o.e.m.c.i.embedder.EclipseLogger - Using platform encoding (Cp1252 actually) to copy filtered resources, i.e. build is platform dependent!
2017-06-06 12:04:10,031 [Worker-323] INFO  o.e.m.c.i.embedder.EclipseLogger - Copying 0 resource
2017-06-06 12:04:10,033 [Worker-323] WARN  o.e.m.c.i.embedder.EclipseLogger - Using platform encoding (Cp1252 actually) to copy filtered resources, i.e. build is platform dependent!
2017-06-06 12:04:10,035 [Worker-323] INFO  o.e.m.c.i.embedder.EclipseLogger - skip non existing resourceDirectory C:\Users\MRuser\Desktop\Project_Workspace\socialnetworking\src\test\resources
2017-06-06 12:07:01,765 [Worker-330] WARN  o.e.m.c.i.embedder.EclipseLogger - Using platform encoding (Cp1252 actually) to copy filtered resources, i.e. build is platform dependent!
2017-06-06 12:07:01,768 [Worker-330] INFO  o.e.m.c.i.embedder.EclipseLogger - Copying 0 resource
2017-06-06 12:07:01,770 [Worker-330] WARN  o.e.m.c.i.embedder.EclipseLogger - Using platform encoding (Cp1252 actually) to copy filtered resources, i.e. build is platform dependent!
2017-06-06 12:07:01,772 [Worker-330] INFO  o.e.m.c.i.embedder.EclipseLogger - skip non existing resourceDirectory C:\Users\MRuser\Desktop\Project_Workspace\socialnetworking\src\test\resources
2017-06-06 12:07:06,220 [Worker-333] WARN  o.e.m.c.i.embedder.EclipseLogger - Using platform encoding (Cp1252 actually) to copy filtered resources, i.e. build is platform dependent!
2017-06-06 12:07:06,223 [Worker-333] INFO  o.e.m.c.i.embedder.EclipseLogger - Copying 0 resource
2017-06-06 12:07:06,233 [Worker-333] WARN  o.e.m.c.i.embedder.EclipseLogger - Using platform encoding (Cp1252 actually) to copy filtered resources, i.e. build is platform dependent!
2017-06-06 12:07:06,236 [Worker-333] INFO  o.e.m.c.i.embedder.EclipseLogger - skip non existing resourceDirectory C:\Users\MRuser\Desktop\Project_Workspace\socialnetworking\src\test\resources
2017-06-06 12:09:20,706 [Worker-330] WARN  o.e.m.c.i.embedder.EclipseLogger - Using platform encoding (Cp1252 actually) to copy filtered resources, i.e. build is platform dependent!
2017-06-06 12:09:20,708 [Worker-330] INFO  o.e.m.c.i.embedder.EclipseLogger - Copying 0 resource
2017-06-06 12:09:20,709 [Worker-330] WARN  o.e.m.c.i.embedder.EclipseLogger - Using platform encoding (Cp1252 actually) to copy filtered resources, i.e. build is platform dependent!
2017-06-06 12:09:20,711 [Worker-330] INFO  o.e.m.c.i.embedder.EclipseLogger - skip non existing resourceDirectory C:\Users\MRuser\Desktop\Project_Workspace\socialnetworking\src\test\resources
2017-06-06 12:50:03,752 [Worker-352] WARN  o.e.m.c.i.embedder.EclipseLogger - Using platform encoding (Cp1252 actually) to copy filtered resources, i.e. build is platform dependent!
2017-06-06 12:50:03,760 [Worker-352] INFO  o.e.m.c.i.embedder.EclipseLogger - Copying 0 resource
2017-06-06 12:50:03,763 [Worker-352] WARN  o.e.m.c.i.embedder.EclipseLogger - Using platform encoding (Cp1252 actually) to copy filtered resources, i.e. build is platform dependent!
2017-06-06 12:50:03,766 [Worker-352] INFO  o.e.m.c.i.embedder.EclipseLogger - skip non existing resourceDirectory C:\Users\MRuser\Desktop\Project_Workspace\socialnetworking\src\test\resources
2017-06-06 12:51:54,053 [Worker-356] WARN  o.e.m.c.i.embedder.EclipseLogger - Using platform encoding (Cp1252 actually) to copy filtered resources, i.e. build is platform dependent!
2017-06-06 12:51:54,056 [Worker-356] INFO  o.e.m.c.i.embedder.EclipseLogger - Copying 0 resource
2017-06-06 12:51:54,058 [Worker-356] WARN  o.e.m.c.i.embedder.EclipseLogger - Using platform encoding (Cp1252 actually) to copy filtered resources, i.e. build is platform dependent!
2017-06-06 12:51:54,060 [Worker-356] INFO  o.e.m.c.i.embedder.EclipseLogger - skip non existing resourceDirectory C:\Users\MRuser\Desktop\Project_Workspace\socialnetworking\src\test\resources
2017-06-06 12:52:08,693 [Worker-348] WARN  o.e.m.c.i.embedder.EclipseLogger - Using platform encoding (Cp1252 actually) to copy filtered resources, i.e. build is platform dependent!
2017-06-06 12:52:08,696 [Worker-348] INFO  o.e.m.c.i.embedder.EclipseLogger - Copying 0 resource
2017-06-06 12:52:08,698 [Worker-348] WARN  o.e.m.c.i.embedder.EclipseLogger - Using platform encoding (Cp1252 actually) to copy filtered resources, i.e. build is platform dependent!
2017-06-06 12:52:08,700 [Worker-348] INFO  o.e.m.c.i.embedder.EclipseLogger - skip non existing resourceDirectory C:\Users\MRuser\Desktop\Project_Workspace\socialnetworking\src\test\resources
2017-06-06 12:52:36,909 [Worker-353] WARN  o.e.m.c.i.embedder.EclipseLogger - Using platform encoding (Cp1252 actually) to copy filtered resources, i.e. build is platform dependent!
2017-06-06 12:52:36,911 [Worker-353] INFO  o.e.m.c.i.embedder.EclipseLogger - Copying 0 resource
2017-06-06 12:52:36,913 [Worker-353] WARN  o.e.m.c.i.embedder.EclipseLogger - Using platform encoding (Cp1252 actually) to copy filtered resources, i.e. build is platform dependent!
2017-06-06 12:52:36,914 [Worker-353] INFO  o.e.m.c.i.embedder.EclipseLogger - skip non existing resourceDirectory C:\Users\MRuser\Desktop\Project_Workspace\socialnetworking\src\test\resources
2017-06-06 12:53:16,201 [Worker-353] WARN  o.e.m.c.i.embedder.EclipseLogger - Using platform encoding (Cp1252 actually) to copy filtered resources, i.e. build is platform dependent!
2017-06-06 12:53:16,203 [Worker-353] INFO  o.e.m.c.i.embedder.EclipseLogger - Copying 0 resource
2017-06-06 12:53:16,205 [Worker-353] WARN  o.e.m.c.i.embedder.EclipseLogger - Using platform encoding (Cp1252 actually) to copy filtered resources, i.e. build is platform dependent!
2017-06-06 12:53:16,207 [Worker-353] INFO  o.e.m.c.i.embedder.EclipseLogger - skip non existing resourceDirectory C:\Users\MRuser\Desktop\Project_Workspace\socialnetworking\src\test\resources
2017-06-06 12:54:15,057 [Worker-353] WARN  o.e.m.c.i.embedder.EclipseLogger - Using platform encoding (Cp1252 actually) to copy filtered resources, i.e. build is platform dependent!
2017-06-06 12:54:15,060 [Worker-353] INFO  o.e.m.c.i.embedder.EclipseLogger - Copying 0 resource
2017-06-06 12:54:15,062 [Worker-353] WARN  o.e.m.c.i.embedder.EclipseLogger - Using platform encoding (Cp1252 actually) to copy filtered resources, i.e. build is platform dependent!
2017-06-06 12:54:15,064 [Worker-353] INFO  o.e.m.c.i.embedder.EclipseLogger - skip non existing resourceDirectory C:\Users\MRuser\Desktop\Project_Workspace\socialnetworking\src\test\resources
2017-06-06 12:54:21,871 [Worker-356] WARN  o.e.m.c.i.embedder.EclipseLogger - Using platform encoding (Cp1252 actually) to copy filtered resources, i.e. build is platform dependent!
2017-06-06 12:54:21,874 [Worker-356] INFO  o.e.m.c.i.embedder.EclipseLogger - Copying 0 resource
2017-06-06 12:54:21,876 [Worker-356] WARN  o.e.m.c.i.embedder.EclipseLogger - Using platform encoding (Cp1252 actually) to copy filtered resources, i.e. build is platform dependent!
2017-06-06 12:54:21,878 [Worker-356] INFO  o.e.m.c.i.embedder.EclipseLogger - skip non existing resourceDirectory C:\Users\MRuser\Desktop\Project_Workspace\socialnetworking\src\test\resources
2017-06-06 12:57:36,367 [Worker-352] WARN  o.e.m.c.i.embedder.EclipseLogger - Using platform encoding (Cp1252 actually) to copy filtered resources, i.e. build is platform dependent!
2017-06-06 12:57:36,370 [Worker-352] INFO  o.e.m.c.i.embedder.EclipseLogger - Copying 0 resource
2017-06-06 12:57:36,371 [Worker-352] WARN  o.e.m.c.i.embedder.EclipseLogger - Using platform encoding (Cp1252 actually) to copy filtered resources, i.e. build is platform dependent!
2017-06-06 12:57:36,373 [Worker-352] INFO  o.e.m.c.i.embedder.EclipseLogger - skip non existing resourceDirectory C:\Users\MRuser\Desktop\Project_Workspace\socialnetworking\src\test\resources
2017-06-06 12:58:07,390 [Worker-352] WARN  o.e.m.c.i.embedder.EclipseLogger - Using platform encoding (Cp1252 actually) to copy filtered resources, i.e. build is platform dependent!
2017-06-06 12:58:07,393 [Worker-352] INFO  o.e.m.c.i.embedder.EclipseLogger - Copying 0 resource
2017-06-06 12:58:07,395 [Worker-352] WARN  o.e.m.c.i.embedder.EclipseLogger - Using platform encoding (Cp1252 actually) to copy filtered resources, i.e. build is platform dependent!
2017-06-06 12:58:07,397 [Worker-352] INFO  o.e.m.c.i.embedder.EclipseLogger - skip non existing resourceDirectory C:\Users\MRuser\Desktop\Project_Workspace\socialnetworking\src\test\resources
2017-06-06 12:58:35,654 [Worker-361] WARN  o.e.m.c.i.embedder.EclipseLogger - Using platform encoding (Cp1252 actually) to copy filtered resources, i.e. build is platform dependent!
2017-06-06 12:58:35,656 [Worker-361] INFO  o.e.m.c.i.embedder.EclipseLogger - Copying 0 resource
2017-06-06 12:58:35,657 [Worker-361] WARN  o.e.m.c.i.embedder.EclipseLogger - Using platform encoding (Cp1252 actually) to copy filtered resources, i.e. build is platform dependent!
2017-06-06 12:58:35,659 [Worker-361] INFO  o.e.m.c.i.embedder.EclipseLogger - skip non existing resourceDirectory C:\Users\MRuser\Desktop\Project_Workspace\socialnetworking\src\test\resources
2017-06-06 12:58:42,481 [Worker-358] WARN  o.e.m.c.i.embedder.EclipseLogger - Using platform encoding (Cp1252 actually) to copy filtered resources, i.e. build is platform dependent!
2017-06-06 12:58:42,484 [Worker-358] INFO  o.e.m.c.i.embedder.EclipseLogger - Copying 0 resource
2017-06-06 12:58:42,486 [Worker-358] WARN  o.e.m.c.i.embedder.EclipseLogger - Using platform encoding (Cp1252 actually) to copy filtered resources, i.e. build is platform dependent!
2017-06-06 12:58:42,488 [Worker-358] INFO  o.e.m.c.i.embedder.EclipseLogger - skip non existing resourceDirectory C:\Users\MRuser\Desktop\Project_Workspace\socialnetworking\src\test\resources
2017-06-07 10:09:20,575 [Worker-470] WARN  o.e.m.c.i.embedder.EclipseLogger - Using platform encoding (Cp1252 actually) to copy filtered resources, i.e. build is platform dependent!
2017-06-07 10:09:20,611 [Worker-470] INFO  o.e.m.c.i.embedder.EclipseLogger - Copying 0 resource
2017-06-07 10:09:20,613 [Worker-470] WARN  o.e.m.c.i.embedder.EclipseLogger - Using platform encoding (Cp1252 actually) to copy filtered resources, i.e. build is platform dependent!
2017-06-07 10:09:20,615 [Worker-470] INFO  o.e.m.c.i.embedder.EclipseLogger - skip non existing resourceDirectory C:\Users\MRuser\Desktop\Project_Workspace\socialnetworking\src\test\resources
2017-06-07 10:09:42,693 [Worker-475] WARN  o.e.m.c.i.embedder.EclipseLogger - Using platform encoding (Cp1252 actually) to copy filtered resources, i.e. build is platform dependent!
2017-06-07 10:09:42,696 [Worker-475] INFO  o.e.m.c.i.embedder.EclipseLogger - Copying 0 resource
2017-06-07 10:09:42,698 [Worker-475] WARN  o.e.m.c.i.embedder.EclipseLogger - Using platform encoding (Cp1252 actually) to copy filtered resources, i.e. build is platform dependent!
2017-06-07 10:09:42,700 [Worker-475] INFO  o.e.m.c.i.embedder.EclipseLogger - skip non existing resourceDirectory C:\Users\MRuser\Desktop\Project_Workspace\socialnetworking\src\test\resources
2017-06-07 10:09:55,698 [Worker-473] WARN  o.e.m.c.i.embedder.EclipseLogger - Using platform encoding (Cp1252 actually) to copy filtered resources, i.e. build is platform dependent!
2017-06-07 10:09:55,701 [Worker-473] INFO  o.e.m.c.i.embedder.EclipseLogger - Copying 0 resource
2017-06-07 10:09:55,702 [Worker-473] WARN  o.e.m.c.i.embedder.EclipseLogger - Using platform encoding (Cp1252 actually) to copy filtered resources, i.e. build is platform dependent!
2017-06-07 10:09:55,704 [Worker-473] INFO  o.e.m.c.i.embedder.EclipseLogger - skip non existing resourceDirectory C:\Users\MRuser\Desktop\Project_Workspace\socialnetworking\src\test\resources
2017-06-07 10:17:44,071 [Worker-479] WARN  o.e.m.c.i.embedder.EclipseLogger - Using platform encoding (Cp1252 actually) to copy filtered resources, i.e. build is platform dependent!
2017-06-07 10:17:44,074 [Worker-479] INFO  o.e.m.c.i.embedder.EclipseLogger - Copying 0 resource
2017-06-07 10:17:44,076 [Worker-479] WARN  o.e.m.c.i.embedder.EclipseLogger - Using platform encoding (Cp1252 actually) to copy filtered resources, i.e. build is platform dependent!
2017-06-07 10:17:44,078 [Worker-479] INFO  o.e.m.c.i.embedder.EclipseLogger - skip non existing resourceDirectory C:\Users\MRuser\Desktop\Project_Workspace\socialnetworking\src\test\resources
2017-06-07 10:18:26,481 [Worker-482] WARN  o.e.m.c.i.embedder.EclipseLogger - Using platform encoding (Cp1252 actually) to copy filtered resources, i.e. build is platform dependent!
2017-06-07 10:18:26,485 [Worker-482] INFO  o.e.m.c.i.embedder.EclipseLogger - Copying 0 resource
2017-06-07 10:18:26,487 [Worker-482] WARN  o.e.m.c.i.embedder.EclipseLogger - Using platform encoding (Cp1252 actually) to copy filtered resources, i.e. build is platform dependent!
2017-06-07 10:18:26,489 [Worker-482] INFO  o.e.m.c.i.embedder.EclipseLogger - skip non existing resourceDirectory C:\Users\MRuser\Desktop\Project_Workspace\socialnetworking\src\test\resources
2017-06-07 10:18:48,437 [Worker-478] WARN  o.e.m.c.i.embedder.EclipseLogger - Using platform encoding (Cp1252 actually) to copy filtered resources, i.e. build is platform dependent!
2017-06-07 10:18:48,440 [Worker-478] INFO  o.e.m.c.i.embedder.EclipseLogger - Copying 0 resource
2017-06-07 10:18:48,466 [Worker-478] WARN  o.e.m.c.i.embedder.EclipseLogger - Using platform encoding (Cp1252 actually) to copy filtered resources, i.e. build is platform dependent!
2017-06-07 10:18:48,467 [Worker-478] INFO  o.e.m.c.i.embedder.EclipseLogger - skip non existing resourceDirectory C:\Users\MRuser\Desktop\Project_Workspace\socialnetworking\src\test\resources
2017-06-07 10:18:56,559 [Worker-480] WARN  o.e.m.c.i.embedder.EclipseLogger - Using platform encoding (Cp1252 actually) to copy filtered resources, i.e. build is platform dependent!
2017-06-07 10:18:56,561 [Worker-480] INFO  o.e.m.c.i.embedder.EclipseLogger - Copying 0 resource
2017-06-07 10:18:56,562 [Worker-480] WARN  o.e.m.c.i.embedder.EclipseLogger - Using platform encoding (Cp1252 actually) to copy filtered resources, i.e. build is platform dependent!
2017-06-07 10:18:56,564 [Worker-480] INFO  o.e.m.c.i.embedder.EclipseLogger - skip non existing resourceDirectory C:\Users\MRuser\Desktop\Project_Workspace\socialnetworking\src\test\resources
2017-06-07 10:19:04,046 [Worker-476] WARN  o.e.m.c.i.embedder.EclipseLogger - Using platform encoding (Cp1252 actually) to copy filtered resources, i.e. build is platform dependent!
2017-06-07 10:19:04,049 [Worker-476] INFO  o.e.m.c.i.embedder.EclipseLogger - Copying 0 resource
2017-06-07 10:19:04,051 [Worker-476] WARN  o.e.m.c.i.embedder.EclipseLogger - Using platform encoding (Cp1252 actually) to copy filtered resources, i.e. build is platform dependent!
2017-06-07 10:19:04,053 [Worker-476] INFO  o.e.m.c.i.embedder.EclipseLogger - skip non existing resourceDirectory C:\Users\MRuser\Desktop\Project_Workspace\socialnetworking\src\test\resources
2017-06-07 10:19:20,244 [Worker-480] WARN  o.e.m.c.i.embedder.EclipseLogger - Using platform encoding (Cp1252 actually) to copy filtered resources, i.e. build is platform dependent!
2017-06-07 10:19:20,247 [Worker-480] INFO  o.e.m.c.i.embedder.EclipseLogger - Copying 0 resource
2017-06-07 10:19:20,248 [Worker-480] WARN  o.e.m.c.i.embedder.EclipseLogger - Using platform encoding (Cp1252 actually) to copy filtered resources, i.e. build is platform dependent!
2017-06-07 10:19:20,250 [Worker-480] INFO  o.e.m.c.i.embedder.EclipseLogger - skip non existing resourceDirectory C:\Users\MRuser\Desktop\Project_Workspace\socialnetworking\src\test\resources
2017-06-07 10:21:08,492 [Worker-483] WARN  o.e.m.c.i.embedder.EclipseLogger - Using platform encoding (Cp1252 actually) to copy filtered resources, i.e. build is platform dependent!
2017-06-07 10:21:08,495 [Worker-483] INFO  o.e.m.c.i.embedder.EclipseLogger - Copying 0 resource
2017-06-07 10:21:08,498 [Worker-483] WARN  o.e.m.c.i.embedder.EclipseLogger - Using platform encoding (Cp1252 actually) to copy filtered resources, i.e. build is platform dependent!
2017-06-07 10:21:08,500 [Worker-483] INFO  o.e.m.c.i.embedder.EclipseLogger - skip non existing resourceDirectory C:\Users\MRuser\Desktop\Project_Workspace\socialnetworking\src\test\resources
2017-06-07 10:21:29,514 [Worker-478] WARN  o.e.m.c.i.embedder.EclipseLogger - Using platform encoding (Cp1252 actually) to copy filtered resources, i.e. build is platform dependent!
2017-06-07 10:21:29,516 [Worker-478] INFO  o.e.m.c.i.embedder.EclipseLogger - Copying 0 resource
2017-06-07 10:21:29,518 [Worker-478] WARN  o.e.m.c.i.embedder.EclipseLogger - Using platform encoding (Cp1252 actually) to copy filtered resources, i.e. build is platform dependent!
2017-06-07 10:21:29,519 [Worker-478] INFO  o.e.m.c.i.embedder.EclipseLogger - skip non existing resourceDirectory C:\Users\MRuser\Desktop\Project_Workspace\socialnetworking\src\test\resources
2017-06-07 10:21:36,065 [Worker-482] WARN  o.e.m.c.i.embedder.EclipseLogger - Using platform encoding (Cp1252 actually) to copy filtered resources, i.e. build is platform dependent!
2017-06-07 10:21:36,068 [Worker-482] INFO  o.e.m.c.i.embedder.EclipseLogger - Copying 0 resource
2017-06-07 10:21:36,069 [Worker-482] WARN  o.e.m.c.i.embedder.EclipseLogger - Using platform encoding (Cp1252 actually) to copy filtered resources, i.e. build is platform dependent!
2017-06-07 10:21:36,070 [Worker-482] INFO  o.e.m.c.i.embedder.EclipseLogger - skip non existing resourceDirectory C:\Users\MRuser\Desktop\Project_Workspace\socialnetworking\src\test\resources
2017-06-07 10:21:59,377 [Worker-480] WARN  o.e.m.c.i.embedder.EclipseLogger - Using platform encoding (Cp1252 actually) to copy filtered resources, i.e. build is platform dependent!
2017-06-07 10:21:59,380 [Worker-480] INFO  o.e.m.c.i.embedder.EclipseLogger - Copying 0 resource
2017-06-07 10:21:59,382 [Worker-480] WARN  o.e.m.c.i.embedder.EclipseLogger - Using platform encoding (Cp1252 actually) to copy filtered resources, i.e. build is platform dependent!
2017-06-07 10:21:59,383 [Worker-480] INFO  o.e.m.c.i.embedder.EclipseLogger - skip non existing resourceDirectory C:\Users\MRuser\Desktop\Project_Workspace\socialnetworking\src\test\resources
2017-06-07 10:22:18,157 [Worker-476] WARN  o.e.m.c.i.embedder.EclipseLogger - Using platform encoding (Cp1252 actually) to copy filtered resources, i.e. build is platform dependent!
2017-06-07 10:22:18,159 [Worker-476] INFO  o.e.m.c.i.embedder.EclipseLogger - Copying 0 resource
2017-06-07 10:22:18,161 [Worker-476] WARN  o.e.m.c.i.embedder.EclipseLogger - Using platform encoding (Cp1252 actually) to copy filtered resources, i.e. build is platform dependent!
2017-06-07 10:22:18,163 [Worker-476] INFO  o.e.m.c.i.embedder.EclipseLogger - skip non existing resourceDirectory C:\Users\MRuser\Desktop\Project_Workspace\socialnetworking\src\test\resources
2017-06-07 10:22:35,595 [Worker-486] WARN  o.e.m.c.i.embedder.EclipseLogger - Using platform encoding (Cp1252 actually) to copy filtered resources, i.e. build is platform dependent!
2017-06-07 10:22:35,597 [Worker-486] INFO  o.e.m.c.i.embedder.EclipseLogger - Copying 0 resource
2017-06-07 10:22:35,598 [Worker-486] WARN  o.e.m.c.i.embedder.EclipseLogger - Using platform encoding (Cp1252 actually) to copy filtered resources, i.e. build is platform dependent!
2017-06-07 10:22:35,600 [Worker-486] INFO  o.e.m.c.i.embedder.EclipseLogger - skip non existing resourceDirectory C:\Users\MRuser\Desktop\Project_Workspace\socialnetworking\src\test\resources
2017-06-07 10:22:39,299 [Worker-480] WARN  o.e.m.c.i.embedder.EclipseLogger - Using platform encoding (Cp1252 actually) to copy filtered resources, i.e. build is platform dependent!
2017-06-07 10:22:39,302 [Worker-480] INFO  o.e.m.c.i.embedder.EclipseLogger - Copying 0 resource
2017-06-07 10:22:39,304 [Worker-480] WARN  o.e.m.c.i.embedder.EclipseLogger - Using platform encoding (Cp1252 actually) to copy filtered resources, i.e. build is platform dependent!
2017-06-07 10:22:39,306 [Worker-480] INFO  o.e.m.c.i.embedder.EclipseLogger - skip non existing resourceDirectory C:\Users\MRuser\Desktop\Project_Workspace\socialnetworking\src\test\resources
2017-06-07 10:22:46,909 [Worker-482] WARN  o.e.m.c.i.embedder.EclipseLogger - Using platform encoding (Cp1252 actually) to copy filtered resources, i.e. build is platform dependent!
2017-06-07 10:22:46,912 [Worker-482] INFO  o.e.m.c.i.embedder.EclipseLogger - Copying 0 resource
2017-06-07 10:22:46,913 [Worker-482] WARN  o.e.m.c.i.embedder.EclipseLogger - Using platform encoding (Cp1252 actually) to copy filtered resources, i.e. build is platform dependent!
2017-06-07 10:22:46,916 [Worker-482] INFO  o.e.m.c.i.embedder.EclipseLogger - skip non existing resourceDirectory C:\Users\MRuser\Desktop\Project_Workspace\socialnetworking\src\test\resources
2017-06-07 10:22:58,543 [Worker-485] WARN  o.e.m.c.i.embedder.EclipseLogger - Using platform encoding (Cp1252 actually) to copy filtered resources, i.e. build is platform dependent!
2017-06-07 10:22:58,545 [Worker-485] INFO  o.e.m.c.i.embedder.EclipseLogger - Copying 0 resource
2017-06-07 10:22:58,547 [Worker-485] WARN  o.e.m.c.i.embedder.EclipseLogger - Using platform encoding (Cp1252 actually) to copy filtered resources, i.e. build is platform dependent!
2017-06-07 10:22:58,549 [Worker-485] INFO  o.e.m.c.i.embedder.EclipseLogger - skip non existing resourceDirectory C:\Users\MRuser\Desktop\Project_Workspace\socialnetworking\src\test\resources
2017-06-07 10:23:21,162 [Worker-482] WARN  o.e.m.c.i.embedder.EclipseLogger - Using platform encoding (Cp1252 actually) to copy filtered resources, i.e. build is platform dependent!
2017-06-07 10:23:21,165 [Worker-482] INFO  o.e.m.c.i.embedder.EclipseLogger - Copying 0 resource
2017-06-07 10:23:21,167 [Worker-482] WARN  o.e.m.c.i.embedder.EclipseLogger - Using platform encoding (Cp1252 actually) to copy filtered resources, i.e. build is platform dependent!
2017-06-07 10:23:21,171 [Worker-482] INFO  o.e.m.c.i.embedder.EclipseLogger - skip non existing resourceDirectory C:\Users\MRuser\Desktop\Project_Workspace\socialnetworking\src\test\resources
2017-06-07 10:31:20,208 [Worker-488] WARN  o.e.m.c.i.embedder.EclipseLogger - Using platform encoding (Cp1252 actually) to copy filtered resources, i.e. build is platform dependent!
2017-06-07 10:31:20,211 [Worker-488] INFO  o.e.m.c.i.embedder.EclipseLogger - Copying 0 resource
2017-06-07 10:31:20,213 [Worker-488] WARN  o.e.m.c.i.embedder.EclipseLogger - Using platform encoding (Cp1252 actually) to copy filtered resources, i.e. build is platform dependent!
2017-06-07 10:31:20,215 [Worker-488] INFO  o.e.m.c.i.embedder.EclipseLogger - skip non existing resourceDirectory C:\Users\MRuser\Desktop\Project_Workspace\socialnetworking\src\test\resources
2017-06-07 10:32:18,559 [Worker-489] WARN  o.e.m.c.i.embedder.EclipseLogger - Using platform encoding (Cp1252 actually) to copy filtered resources, i.e. build is platform dependent!
2017-06-07 10:32:18,561 [Worker-489] INFO  o.e.m.c.i.embedder.EclipseLogger - Copying 0 resource
2017-06-07 10:32:18,563 [Worker-489] WARN  o.e.m.c.i.embedder.EclipseLogger - Using platform encoding (Cp1252 actually) to copy filtered resources, i.e. build is platform dependent!
2017-06-07 10:32:18,564 [Worker-489] INFO  o.e.m.c.i.embedder.EclipseLogger - skip non existing resourceDirectory C:\Users\MRuser\Desktop\Project_Workspace\socialnetworking\src\test\resources
2017-06-07 10:32:32,296 [Worker-490] WARN  o.e.m.c.i.embedder.EclipseLogger - Using platform encoding (Cp1252 actually) to copy filtered resources, i.e. build is platform dependent!
2017-06-07 10:32:32,300 [Worker-490] INFO  o.e.m.c.i.embedder.EclipseLogger - Copying 0 resource
2017-06-07 10:32:32,302 [Worker-490] WARN  o.e.m.c.i.embedder.EclipseLogger - Using platform encoding (Cp1252 actually) to copy filtered resources, i.e. build is platform dependent!
2017-06-07 10:32:32,304 [Worker-490] INFO  o.e.m.c.i.embedder.EclipseLogger - skip non existing resourceDirectory C:\Users\MRuser\Desktop\Project_Workspace\socialnetworking\src\test\resources
2017-06-07 10:32:41,505 [Worker-492] WARN  o.e.m.c.i.embedder.EclipseLogger - Using platform encoding (Cp1252 actually) to copy filtered resources, i.e. build is platform dependent!
2017-06-07 10:32:41,507 [Worker-492] INFO  o.e.m.c.i.embedder.EclipseLogger - Copying 0 resource
2017-06-07 10:32:41,508 [Worker-492] WARN  o.e.m.c.i.embedder.EclipseLogger - Using platform encoding (Cp1252 actually) to copy filtered resources, i.e. build is platform dependent!
2017-06-07 10:32:41,510 [Worker-492] INFO  o.e.m.c.i.embedder.EclipseLogger - skip non existing resourceDirectory C:\Users\MRuser\Desktop\Project_Workspace\socialnetworking\src\test\resources
2017-06-07 10:32:49,749 [Worker-494] WARN  o.e.m.c.i.embedder.EclipseLogger - Using platform encoding (Cp1252 actually) to copy filtered resources, i.e. build is platform dependent!
2017-06-07 10:32:49,754 [Worker-494] INFO  o.e.m.c.i.embedder.EclipseLogger - Copying 0 resource
2017-06-07 10:32:49,757 [Worker-494] WARN  o.e.m.c.i.embedder.EclipseLogger - Using platform encoding (Cp1252 actually) to copy filtered resources, i.e. build is platform dependent!
2017-06-07 10:32:49,759 [Worker-494] INFO  o.e.m.c.i.embedder.EclipseLogger - skip non existing resourceDirectory C:\Users\MRuser\Desktop\Project_Workspace\socialnetworking\src\test\resources
2017-06-07 10:32:54,082 [Worker-488] WARN  o.e.m.c.i.embedder.EclipseLogger - Using platform encoding (Cp1252 actually) to copy filtered resources, i.e. build is platform dependent!
2017-06-07 10:32:54,085 [Worker-488] INFO  o.e.m.c.i.embedder.EclipseLogger - Copying 0 resource
2017-06-07 10:32:54,087 [Worker-488] WARN  o.e.m.c.i.embedder.EclipseLogger - Using platform encoding (Cp1252 actually) to copy filtered resources, i.e. build is platform dependent!
2017-06-07 10:32:54,089 [Worker-488] INFO  o.e.m.c.i.embedder.EclipseLogger - skip non existing resourceDirectory C:\Users\MRuser\Desktop\Project_Workspace\socialnetworking\src\test\resources
2017-06-07 10:33:01,117 [Worker-488] WARN  o.e.m.c.i.embedder.EclipseLogger - Using platform encoding (Cp1252 actually) to copy filtered resources, i.e. build is platform dependent!
2017-06-07 10:33:01,119 [Worker-488] INFO  o.e.m.c.i.embedder.EclipseLogger - Copying 0 resource
2017-06-07 10:33:01,121 [Worker-488] WARN  o.e.m.c.i.embedder.EclipseLogger - Using platform encoding (Cp1252 actually) to copy filtered resources, i.e. build is platform dependent!
2017-06-07 10:33:01,123 [Worker-488] INFO  o.e.m.c.i.embedder.EclipseLogger - skip non existing resourceDirectory C:\Users\MRuser\Desktop\Project_Workspace\socialnetworking\src\test\resources
2017-06-07 10:33:16,460 [Worker-492] WARN  o.e.m.c.i.embedder.EclipseLogger - Using platform encoding (Cp1252 actually) to copy filtered resources, i.e. build is platform dependent!
2017-06-07 10:33:16,463 [Worker-492] INFO  o.e.m.c.i.embedder.EclipseLogger - Copying 0 resource
2017-06-07 10:33:16,465 [Worker-492] WARN  o.e.m.c.i.embedder.EclipseLogger - Using platform encoding (Cp1252 actually) to copy filtered resources, i.e. build is platform dependent!
2017-06-07 10:33:16,467 [Worker-492] INFO  o.e.m.c.i.embedder.EclipseLogger - skip non existing resourceDirectory C:\Users\MRuser\Desktop\Project_Workspace\socialnetworking\src\test\resources
2017-06-07 10:33:28,683 [Worker-497] WARN  o.e.m.c.i.embedder.EclipseLogger - Using platform encoding (Cp1252 actually) to copy filtered resources, i.e. build is platform dependent!
2017-06-07 10:33:28,687 [Worker-497] INFO  o.e.m.c.i.embedder.EclipseLogger - Copying 0 resource
2017-06-07 10:33:28,689 [Worker-497] WARN  o.e.m.c.i.embedder.EclipseLogger - Using platform encoding (Cp1252 actually) to copy filtered resources, i.e. build is platform dependent!
2017-06-07 10:33:28,691 [Worker-497] INFO  o.e.m.c.i.embedder.EclipseLogger - skip non existing resourceDirectory C:\Users\MRuser\Desktop\Project_Workspace\socialnetworking\src\test\resources
2017-06-07 10:33:57,376 [Worker-490] WARN  o.e.m.c.i.embedder.EclipseLogger - Using platform encoding (Cp1252 actually) to copy filtered resources, i.e. build is platform dependent!
2017-06-07 10:33:57,379 [Worker-490] INFO  o.e.m.c.i.embedder.EclipseLogger - Copying 0 resource
2017-06-07 10:33:57,380 [Worker-490] WARN  o.e.m.c.i.embedder.EclipseLogger - Using platform encoding (Cp1252 actually) to copy filtered resources, i.e. build is platform dependent!
2017-06-07 10:33:57,382 [Worker-490] INFO  o.e.m.c.i.embedder.EclipseLogger - skip non existing resourceDirectory C:\Users\MRuser\Desktop\Project_Workspace\socialnetworking\src\test\resources
2017-06-07 10:34:08,248 [Worker-495] WARN  o.e.m.c.i.embedder.EclipseLogger - Using platform encoding (Cp1252 actually) to copy filtered resources, i.e. build is platform dependent!
2017-06-07 10:34:08,250 [Worker-495] INFO  o.e.m.c.i.embedder.EclipseLogger - Copying 0 resource
2017-06-07 10:34:08,252 [Worker-495] WARN  o.e.m.c.i.embedder.EclipseLogger - Using platform encoding (Cp1252 actually) to copy filtered resources, i.e. build is platform dependent!
2017-06-07 10:34:08,254 [Worker-495] INFO  o.e.m.c.i.embedder.EclipseLogger - skip non existing resourceDirectory C:\Users\MRuser\Desktop\Project_Workspace\socialnetworking\src\test\resources
2017-06-07 10:40:46,876 [Worker-503] WARN  o.e.m.c.i.embedder.EclipseLogger - Using platform encoding (Cp1252 actually) to copy filtered resources, i.e. build is platform dependent!
2017-06-07 10:40:46,879 [Worker-503] INFO  o.e.m.c.i.embedder.EclipseLogger - Copying 0 resource
2017-06-07 10:40:46,880 [Worker-503] WARN  o.e.m.c.i.embedder.EclipseLogger - Using platform encoding (Cp1252 actually) to copy filtered resources, i.e. build is platform dependent!
2017-06-07 10:40:46,881 [Worker-503] INFO  o.e.m.c.i.embedder.EclipseLogger - skip non existing resourceDirectory C:\Users\MRuser\Desktop\Project_Workspace\socialnetworking\src\test\resources
2017-06-07 10:41:19,167 [Worker-504] WARN  o.e.m.c.i.embedder.EclipseLogger - Using platform encoding (Cp1252 actually) to copy filtered resources, i.e. build is platform dependent!
2017-06-07 10:41:19,168 [Worker-504] INFO  o.e.m.c.i.embedder.EclipseLogger - Copying 0 resource
2017-06-07 10:41:19,171 [Worker-504] WARN  o.e.m.c.i.embedder.EclipseLogger - Using platform encoding (Cp1252 actually) to copy filtered resources, i.e. build is platform dependent!
2017-06-07 10:41:19,172 [Worker-504] INFO  o.e.m.c.i.embedder.EclipseLogger - skip non existing resourceDirectory C:\Users\MRuser\Desktop\Project_Workspace\socialnetworking\src\test\resources
2017-06-07 10:41:34,811 [Worker-501] WARN  o.e.m.c.i.embedder.EclipseLogger - Using platform encoding (Cp1252 actually) to copy filtered resources, i.e. build is platform dependent!
2017-06-07 10:41:34,814 [Worker-501] INFO  o.e.m.c.i.embedder.EclipseLogger - Copying 0 resource
2017-06-07 10:41:34,815 [Worker-501] WARN  o.e.m.c.i.embedder.EclipseLogger - Using platform encoding (Cp1252 actually) to copy filtered resources, i.e. build is platform dependent!
2017-06-07 10:41:34,817 [Worker-501] INFO  o.e.m.c.i.embedder.EclipseLogger - skip non existing resourceDirectory C:\Users\MRuser\Desktop\Project_Workspace\socialnetworking\src\test\resources
2017-06-07 10:42:48,298 [Worker-504] WARN  o.e.m.c.i.embedder.EclipseLogger - Using platform encoding (Cp1252 actually) to copy filtered resources, i.e. build is platform dependent!
2017-06-07 10:42:48,301 [Worker-504] INFO  o.e.m.c.i.embedder.EclipseLogger - Copying 0 resource
2017-06-07 10:42:48,302 [Worker-504] WARN  o.e.m.c.i.embedder.EclipseLogger - Using platform encoding (Cp1252 actually) to copy filtered resources, i.e. build is platform dependent!
2017-06-07 10:42:48,303 [Worker-504] INFO  o.e.m.c.i.embedder.EclipseLogger - skip non existing resourceDirectory C:\Users\MRuser\Desktop\Project_Workspace\socialnetworking\src\test\resources
2017-06-07 10:43:10,516 [Worker-501] WARN  o.e.m.c.i.embedder.EclipseLogger - Using platform encoding (Cp1252 actually) to copy filtered resources, i.e. build is platform dependent!
2017-06-07 10:43:10,518 [Worker-501] INFO  o.e.m.c.i.embedder.EclipseLogger - Copying 0 resource
2017-06-07 10:43:10,520 [Worker-501] WARN  o.e.m.c.i.embedder.EclipseLogger - Using platform encoding (Cp1252 actually) to copy filtered resources, i.e. build is platform dependent!
2017-06-07 10:43:10,521 [Worker-501] INFO  o.e.m.c.i.embedder.EclipseLogger - skip non existing resourceDirectory C:\Users\MRuser\Desktop\Project_Workspace\socialnetworking\src\test\resources
2017-06-07 10:43:25,239 [Worker-491] WARN  o.e.m.c.i.embedder.EclipseLogger - Using platform encoding (Cp1252 actually) to copy filtered resources, i.e. build is platform dependent!
2017-06-07 10:43:25,241 [Worker-491] INFO  o.e.m.c.i.embedder.EclipseLogger - Copying 0 resource
2017-06-07 10:43:25,242 [Worker-491] WARN  o.e.m.c.i.embedder.EclipseLogger - Using platform encoding (Cp1252 actually) to copy filtered resources, i.e. build is platform dependent!
2017-06-07 10:43:25,243 [Worker-491] INFO  o.e.m.c.i.embedder.EclipseLogger - skip non existing resourceDirectory C:\Users\MRuser\Desktop\Project_Workspace\socialnetworking\src\test\resources
2017-06-07 10:43:49,475 [Worker-504] WARN  o.e.m.c.i.embedder.EclipseLogger - Using platform encoding (Cp1252 actually) to copy filtered resources, i.e. build is platform dependent!
2017-06-07 10:43:49,478 [Worker-504] INFO  o.e.m.c.i.embedder.EclipseLogger - Copying 0 resource
2017-06-07 10:43:49,479 [Worker-504] WARN  o.e.m.c.i.embedder.EclipseLogger - Using platform encoding (Cp1252 actually) to copy filtered resources, i.e. build is platform dependent!
2017-06-07 10:43:49,481 [Worker-504] INFO  o.e.m.c.i.embedder.EclipseLogger - skip non existing resourceDirectory C:\Users\MRuser\Desktop\Project_Workspace\socialnetworking\src\test\resources
2017-06-07 10:50:52,641 [Worker-512] WARN  o.e.m.c.i.embedder.EclipseLogger - Using platform encoding (Cp1252 actually) to copy filtered resources, i.e. build is platform dependent!
2017-06-07 10:50:52,644 [Worker-512] INFO  o.e.m.c.i.embedder.EclipseLogger - Copying 0 resource
2017-06-07 10:50:52,646 [Worker-512] WARN  o.e.m.c.i.embedder.EclipseLogger - Using platform encoding (Cp1252 actually) to copy filtered resources, i.e. build is platform dependent!
2017-06-07 10:50:52,648 [Worker-512] INFO  o.e.m.c.i.embedder.EclipseLogger - skip non existing resourceDirectory C:\Users\MRuser\Desktop\Project_Workspace\socialnetworking\src\test\resources
2017-06-07 10:50:58,958 [Worker-503] WARN  o.e.m.c.i.embedder.EclipseLogger - Using platform encoding (Cp1252 actually) to copy filtered resources, i.e. build is platform dependent!
2017-06-07 10:50:58,961 [Worker-503] INFO  o.e.m.c.i.embedder.EclipseLogger - Copying 0 resource
2017-06-07 10:50:58,963 [Worker-503] WARN  o.e.m.c.i.embedder.EclipseLogger - Using platform encoding (Cp1252 actually) to copy filtered resources, i.e. build is platform dependent!
2017-06-07 10:50:58,964 [Worker-503] INFO  o.e.m.c.i.embedder.EclipseLogger - skip non existing resourceDirectory C:\Users\MRuser\Desktop\Project_Workspace\socialnetworking\src\test\resources
2017-06-07 10:51:47,022 [Worker-503] WARN  o.e.m.c.i.embedder.EclipseLogger - Using platform encoding (Cp1252 actually) to copy filtered resources, i.e. build is platform dependent!
2017-06-07 10:51:47,024 [Worker-503] INFO  o.e.m.c.i.embedder.EclipseLogger - Copying 0 resource
2017-06-07 10:51:47,026 [Worker-503] WARN  o.e.m.c.i.embedder.EclipseLogger - Using platform encoding (Cp1252 actually) to copy filtered resources, i.e. build is platform dependent!
2017-06-07 10:51:47,027 [Worker-503] INFO  o.e.m.c.i.embedder.EclipseLogger - skip non existing resourceDirectory C:\Users\MRuser\Desktop\Project_Workspace\socialnetworking\src\test\resources
2017-06-07 10:52:59,074 [Worker-503] WARN  o.e.m.c.i.embedder.EclipseLogger - Using platform encoding (Cp1252 actually) to copy filtered resources, i.e. build is platform dependent!
2017-06-07 10:52:59,077 [Worker-503] INFO  o.e.m.c.i.embedder.EclipseLogger - Copying 0 resource
2017-06-07 10:52:59,079 [Worker-503] WARN  o.e.m.c.i.embedder.EclipseLogger - Using platform encoding (Cp1252 actually) to copy filtered resources, i.e. build is platform dependent!
2017-06-07 10:52:59,081 [Worker-503] INFO  o.e.m.c.i.embedder.EclipseLogger - skip non existing resourceDirectory C:\Users\MRuser\Desktop\Project_Workspace\socialnetworking\src\test\resources
2017-06-08 09:50:04,103 [Worker-681] WARN  o.e.m.c.i.embedder.EclipseLogger - Using platform encoding (Cp1252 actually) to copy filtered resources, i.e. build is platform dependent!
2017-06-08 09:50:04,181 [Worker-681] INFO  o.e.m.c.i.embedder.EclipseLogger - Copying 0 resource
2017-06-08 09:50:04,184 [Worker-681] WARN  o.e.m.c.i.embedder.EclipseLogger - Using platform encoding (Cp1252 actually) to copy filtered resources, i.e. build is platform dependent!
2017-06-08 09:50:04,186 [Worker-681] INFO  o.e.m.c.i.embedder.EclipseLogger - skip non existing resourceDirectory C:\Users\MRuser\Desktop\Project_Workspace\socialnetworking\src\test\resources
2017-06-08 09:50:36,329 [Worker-676] WARN  o.e.m.c.i.embedder.EclipseLogger - Using platform encoding (Cp1252 actually) to copy filtered resources, i.e. build is platform dependent!
2017-06-08 09:50:36,357 [Worker-676] INFO  o.e.m.c.i.embedder.EclipseLogger - Copying 0 resource
2017-06-08 09:50:36,359 [Worker-676] WARN  o.e.m.c.i.embedder.EclipseLogger - Using platform encoding (Cp1252 actually) to copy filtered resources, i.e. build is platform dependent!
2017-06-08 09:50:36,360 [Worker-676] INFO  o.e.m.c.i.embedder.EclipseLogger - skip non existing resourceDirectory C:\Users\MRuser\Desktop\Project_Workspace\socialnetworking\src\test\resources
2017-06-08 09:51:07,692 [Worker-682] WARN  o.e.m.c.i.embedder.EclipseLogger - Using platform encoding (Cp1252 actually) to copy filtered resources, i.e. build is platform dependent!
2017-06-08 09:51:07,695 [Worker-682] INFO  o.e.m.c.i.embedder.EclipseLogger - Copying 0 resource
2017-06-08 09:51:07,753 [Worker-682] WARN  o.e.m.c.i.embedder.EclipseLogger - Using platform encoding (Cp1252 actually) to copy filtered resources, i.e. build is platform dependent!
2017-06-08 09:51:07,755 [Worker-682] INFO  o.e.m.c.i.embedder.EclipseLogger - skip non existing resourceDirectory C:\Users\MRuser\Desktop\Project_Workspace\socialnetworking\src\test\resources
2017-06-08 10:02:06,927 [Worker-683] WARN  o.e.m.c.i.embedder.EclipseLogger - Using platform encoding (Cp1252 actually) to copy filtered resources, i.e. build is platform dependent!
2017-06-08 10:02:06,992 [Worker-683] INFO  o.e.m.c.i.embedder.EclipseLogger - Copying 0 resource
2017-06-08 10:02:07,011 [Worker-683] WARN  o.e.m.c.i.embedder.EclipseLogger - Using platform encoding (Cp1252 actually) to copy filtered resources, i.e. build is platform dependent!
2017-06-08 10:02:07,013 [Worker-683] INFO  o.e.m.c.i.embedder.EclipseLogger - skip non existing resourceDirectory C:\Users\MRuser\Desktop\Project_Workspace\socialnetworking\src\test\resources
2017-06-08 10:02:25,747 [Worker-689] WARN  o.e.m.c.i.embedder.EclipseLogger - Using platform encoding (Cp1252 actually) to copy filtered resources, i.e. build is platform dependent!
2017-06-08 10:02:25,751 [Worker-689] INFO  o.e.m.c.i.embedder.EclipseLogger - Copying 0 resource
2017-06-08 10:02:25,753 [Worker-689] WARN  o.e.m.c.i.embedder.EclipseLogger - Using platform encoding (Cp1252 actually) to copy filtered resources, i.e. build is platform dependent!
2017-06-08 10:02:25,755 [Worker-689] INFO  o.e.m.c.i.embedder.EclipseLogger - skip non existing resourceDirectory C:\Users\MRuser\Desktop\Project_Workspace\socialnetworking\src\test\resources
2017-06-08 10:02:45,181 [Worker-693] WARN  o.e.m.c.i.embedder.EclipseLogger - Using platform encoding (Cp1252 actually) to copy filtered resources, i.e. build is platform dependent!
2017-06-08 10:02:45,184 [Worker-693] INFO  o.e.m.c.i.embedder.EclipseLogger - Copying 0 resource
2017-06-08 10:02:45,185 [Worker-693] WARN  o.e.m.c.i.embedder.EclipseLogger - Using platform encoding (Cp1252 actually) to copy filtered resources, i.e. build is platform dependent!
2017-06-08 10:02:45,186 [Worker-693] INFO  o.e.m.c.i.embedder.EclipseLogger - skip non existing resourceDirectory C:\Users\MRuser\Desktop\Project_Workspace\socialnetworking\src\test\resources
